c:\mystuff\lately_downloaded\memoryreading\secure_string\phlib\obj\debug32\appresolver.obj
c:\mystuff\lately_downloaded\memoryreading\secure_string\phlib\obj\debug32\global.obj
c:\mystuff\lately_downloaded\memoryreading\secure_string\phlib\obj\debug32\handle.obj
c:\mystuff\lately_downloaded\memoryreading\secure_string\phlib\obj\debug32\filestream.obj
c:\mystuff\lately_downloaded\memoryreading\secure_string\phlib\obj\debug32\json_pointer.obj
c:\mystuff\lately_downloaded\memoryreading\secure_string\phlib\obj\debug32\libjson.obj
c:\mystuff\lately_downloaded\memoryreading\secure_string\phlib\obj\debug32\linkhash.obj
c:\mystuff\lately_downloaded\memoryreading\secure_string\phlib\obj\debug32\kph.obj
c:\mystuff\lately_downloaded\memoryreading\secure_string\phlib\obj\debug32\mapimg.obj
c:\mystuff\lately_downloaded\memoryreading\secure_string\phlib\obj\debug32\mxml-entity.obj
c:\mystuff\lately_downloaded\memoryreading\secure_string\phlib\obj\debug32\mxml-node.obj
c:\mystuff\lately_downloaded\memoryreading\secure_string\phlib\obj\debug32\mxml-string.obj
c:\mystuff\lately_downloaded\memoryreading\secure_string\phlib\obj\debug32\ref.obj
c:\mystuff\lately_downloaded\memoryreading\secure_string\phlib\obj\debug32\sha.obj
c:\mystuff\lately_downloaded\memoryreading\secure_string\phlib\obj\debug32\symprv.obj
c:\mystuff\lately_downloaded\memoryreading\secure_string\phlib\obj\debug32\basesup.obj
c:\mystuff\lately_downloaded\memoryreading\secure_string\phlib\obj\debug32\extlv.obj
c:\mystuff\lately_downloaded\memoryreading\secure_string\phlib\obj\debug32\graph.obj
c:\mystuff\lately_downloaded\memoryreading\secure_string\phlib\obj\debug32\hndlinfo.obj
c:\mystuff\lately_downloaded\memoryreading\secure_string\phlib\obj\debug32\arraylist.obj
c:\mystuff\lately_downloaded\memoryreading\secure_string\phlib\obj\debug32\debug.obj
c:\mystuff\lately_downloaded\memoryreading\secure_string\phlib\obj\debug32\json_object.obj
c:\mystuff\lately_downloaded\memoryreading\secure_string\phlib\obj\debug32\json_visit.obj
c:\mystuff\lately_downloaded\memoryreading\secure_string\phlib\obj\debug32\random_seed.obj
c:\mystuff\lately_downloaded\memoryreading\secure_string\phlib\obj\debug32\md5.obj
c:\mystuff\lately_downloaded\memoryreading\secure_string\phlib\obj\debug32\mxml-file.obj
c:\mystuff\lately_downloaded\memoryreading\secure_string\phlib\obj\debug32\mxml-private.obj
c:\mystuff\lately_downloaded\memoryreading\secure_string\phlib\obj\debug32\native.obj
c:\mystuff\lately_downloaded\memoryreading\secure_string\phlib\obj\debug32\secedit.obj
c:\mystuff\lately_downloaded\memoryreading\secure_string\phlib\obj\debug32\sync.obj
c:\mystuff\lately_downloaded\memoryreading\secure_string\phlib\obj\debug32\verify.obj
c:\mystuff\lately_downloaded\memoryreading\secure_string\phlib\obj\debug32\avltree.obj
c:\mystuff\lately_downloaded\memoryreading\secure_string\phlib\obj\debug32\circbuf.obj
c:\mystuff\lately_downloaded\memoryreading\secure_string\phlib\obj\debug32\cpysave.obj
c:\mystuff\lately_downloaded\memoryreading\secure_string\phlib\obj\debug32\dspick.obj
c:\mystuff\lately_downloaded\memoryreading\secure_string\phlib\obj\debug32\error.obj
c:\mystuff\lately_downloaded\memoryreading\secure_string\phlib\obj\debug32\filepool.obj
c:\mystuff\lately_downloaded\memoryreading\secure_string\phlib\obj\debug32\guisup.obj
c:\mystuff\lately_downloaded\memoryreading\secure_string\phlib\obj\debug32\icotobmp.obj
c:\mystuff\lately_downloaded\memoryreading\secure_string\phlib\obj\debug32\json_c_version.obj
c:\mystuff\lately_downloaded\memoryreading\secure_string\phlib\obj\debug32\json_object_iterator.obj
c:\mystuff\lately_downloaded\memoryreading\secure_string\phlib\obj\debug32\json_tokener.obj
c:\mystuff\lately_downloaded\memoryreading\secure_string\phlib\obj\debug32\printbuf.obj
c:\mystuff\lately_downloaded\memoryreading\secure_string\phlib\obj\debug32\strerror_override.obj
c:\mystuff\lately_downloaded\memoryreading\secure_string\phlib\obj\debug32\kphdata.obj
c:\mystuff\lately_downloaded\memoryreading\secure_string\phlib\obj\debug32\mapexlf.obj
c:\mystuff\lately_downloaded\memoryreading\secure_string\phlib\obj\debug32\mxml-attr.obj
c:\mystuff\lately_downloaded\memoryreading\secure_string\phlib\obj\debug32\mxml-index.obj
c:\mystuff\lately_downloaded\memoryreading\secure_string\phlib\obj\debug32\mxml-set.obj
c:\mystuff\lately_downloaded\memoryreading\secure_string\phlib\obj\debug32\queuedlock.obj
c:\mystuff\lately_downloaded\memoryreading\secure_string\phlib\obj\debug32\settings.obj
c:\mystuff\lately_downloaded\memoryreading\secure_string\phlib\obj\debug32\sha256.obj
c:\mystuff\lately_downloaded\memoryreading\secure_string\phlib\obj\debug32\svcsup.obj
c:\mystuff\lately_downloaded\memoryreading\secure_string\phlib\obj\debug32\treenew.obj
c:\mystuff\lately_downloaded\memoryreading\secure_string\phlib\obj\debug32\apiimport.obj
c:\mystuff\lately_downloaded\memoryreading\secure_string\phlib\obj\debug32\colorbox.obj
c:\mystuff\lately_downloaded\memoryreading\secure_string\phlib\obj\debug32\data.obj
c:\mystuff\lately_downloaded\memoryreading\secure_string\phlib\obj\debug32\emenu.obj
c:\mystuff\lately_downloaded\memoryreading\secure_string\phlib\obj\debug32\fastlock.obj
c:\mystuff\lately_downloaded\memoryreading\secure_string\phlib\obj\debug32\format.obj
c:\mystuff\lately_downloaded\memoryreading\secure_string\phlib\obj\debug32\hexedit.obj
c:\mystuff\lately_downloaded\memoryreading\secure_string\phlib\obj\debug32\json.obj
c:\mystuff\lately_downloaded\memoryreading\secure_string\phlib\obj\debug32\json_util.obj
c:\mystuff\lately_downloaded\memoryreading\secure_string\phlib\obj\debug32\lsasup.obj
c:\mystuff\lately_downloaded\memoryreading\secure_string\phlib\obj\debug32\maplib.obj
c:\mystuff\lately_downloaded\memoryreading\secure_string\phlib\obj\debug32\mxml-get.obj
c:\mystuff\lately_downloaded\memoryreading\secure_string\phlib\obj\debug32\mxml-search.obj
c:\mystuff\lately_downloaded\memoryreading\secure_string\phlib\obj\debug32\provider.obj
c:\mystuff\lately_downloaded\memoryreading\secure_string\phlib\obj\debug32\secdata.obj
c:\mystuff\lately_downloaded\memoryreading\secure_string\phlib\obj\debug32\util.obj
c:\mystuff\lately_downloaded\memoryreading\secure_string\phlib\obj\debug32\workqueue.obj
c:\mystuff\lately_downloaded\memoryreading\secure_string\phlib\obj\debug32\phlib.pdb
c:\mystuff\lately_downloaded\memoryreading\secure_string\phlib\bin\debug32\phlib.lib
c:\mystuff\lately_downloaded\memoryreading\secure_string\phlib\bin\debug32\phlib.pdb
c:\mystuff\lately_downloaded\memoryreading\secure_string\phlib\obj\debug32\phlib.tlog\cl.2856.write.1.tlog
c:\mystuff\lately_downloaded\memoryreading\secure_string\phlib\obj\debug32\phlib.tlog\cl.command.1.tlog
c:\mystuff\lately_downloaded\memoryreading\secure_string\phlib\obj\debug32\phlib.tlog\cl.read.1.tlog
c:\mystuff\lately_downloaded\memoryreading\secure_string\phlib\obj\debug32\phlib.tlog\lib-link.read.1.tlog
c:\mystuff\lately_downloaded\memoryreading\secure_string\phlib\obj\debug32\phlib.tlog\lib-link.write.1.tlog
c:\mystuff\lately_downloaded\memoryreading\secure_string\phlib\obj\debug32\phlib.tlog\lib.command.1.tlog
